 Total Nb of available Diagnostics: ndiagt=   239
------------------------------------------------------------------------------------
  Num  |<-Name->|Levs|  mate |<- code ->|<--  Units   -->|<- Tile (max=80c)         
------------------------------------------------------------------------------------
     1 |SDIAG1  |  1 |       |SM      L1|user-defined    |User-Defined   Surface   Diagnostic  #1
     2 |SDIAG2  |  1 |       |SM      L1|user-defined    |User-Defined   Surface   Diagnostic  #2
     3 |SDIAG3  |  1 |       |SM      L1|user-defined    |User-Defined   Surface   Diagnostic  #3
     4 |SDIAG4  |  1 |       |SM      L1|user-defined    |User-Defined   Surface   Diagnostic  #4
     5 |SDIAG5  |  1 |       |SM      L1|user-defined    |User-Defined   Surface   Diagnostic  #5
     6 |SDIAG6  |  1 |       |SM      L1|user-defined    |User-Defined   Surface   Diagnostic  #6
     7 |SDIAG7  |  1 |       |SU      L1|user-defined    |User-Defined U.pt Surface Diagnostic #7
     8 |SDIAG8  |  1 |       |SV      L1|user-defined    |User-Defined V.pt Surface Diagnostic #8
     9 |SDIAG9  |  1 |    10 |UU      L1|user-defined    |User-Defined U.vector Surface Diag.  #9
    10 |SDIAG10 |  1 |     9 |VV      L1|user-defined    |User-Defined V.vector Surface Diag. #10
    11 |UDIAG1  | 30 |       |SM      MR|user-defined    |User-Defined Model-Level Diagnostic  #1
    12 |UDIAG2  | 30 |       |SM      MR|user-defined    |User-Defined Model-Level Diagnostic  #2
    13 |UDIAG3  | 30 |       |SMR     MR|user-defined    |User-Defined Model-Level Diagnostic  #3
    14 |UDIAG4  | 30 |       |SMR     MR|user-defined    |User-Defined Model-Level Diagnostic  #4
    15 |UDIAG5  | 30 |       |SU      MR|user-defined    |User-Defined U.pt Model-Level Diag.  #5
    16 |UDIAG6  | 30 |       |SV      MR|user-defined    |User-Defined V.pt Model-Level Diag.  #6
    17 |UDIAG7  | 30 |    18 |UUR     MR|user-defined    |User-Defined U.vector Model-Lev Diag.#7
    18 |UDIAG8  | 30 |    17 |VVR     MR|user-defined    |User-Defined V.vector Model-Lev Diag.#8
    19 |UDIAG9  | 30 |       |SM      ML|user-defined    |User-Defined Phys-Level  Diagnostic  #9
    20 |UDIAG10 | 30 |       |SM      ML|user-defined    |User-Defined Phys-Level  Diagnostic #10
    21 |SDIAGC  |  1 |    22 |SM  C   L1|user-defined    |User-Defined Counted Surface Diagnostic
    22 |SDIAGCC |  1 |       |SM      L1|count           |User-Defined Surface Diagnostic Counter
    23 |ETAN    |  1 |       |SM      M1|m               |Surface Height Anomaly
    24 |ETANSQ  |  1 |       |SM P    M1|m^2             |Square of Surface Height Anomaly
    25 |DETADT2 |  1 |       |SM      M1|m^2/s^2         |Square of Surface Height Anomaly Tendency
    26 |THETA   | 30 |       |SMR     MR|degC            |Potential Temperature
    27 |SALT    | 30 |       |SMR     MR|psu             |Salinity
    28 |RELHUM  | 30 |       |SMR     MR|percent         |Relative Humidity
    29 |SALTanom| 30 |       |SMR     MR|psu             |Salt anomaly (=SALT-35; g/kg)
    30 |UVEL    | 30 |    31 |UUR     MR|m/s             |Zonal Component of Velocity (m/s)
    31 |VVEL    | 30 |    30 |VVR     MR|m/s             |Meridional Component of Velocity (m/s)
    32 |WVEL    | 30 |       |WM      LR|m/s             |Vertical Component of Velocity (r_units/s)
    33 |THETASQ | 30 |       |SMRP    MR|degC^2          |Square of Potential Temperature
    34 |SALTSQ  | 30 |       |SMRP    MR|(psu)^2         |Square of Salinity
    35 |SALTSQan| 30 |       |SMRP    MR|(psu)^2         |Square of Salt anomaly (=(SALT-35)^2 (g^2/kg^2)
    36 |UVELSQ  | 30 |    37 |UURP    MR|m^2/s^2         |Square of Zonal Comp of Velocity (m^2/s^2)
    37 |VVELSQ  | 30 |    36 |VVRP    MR|m^2/s^2         |Square of Meridional Comp of Velocity (m^2/s^2)
    38 |WVELSQ  | 30 |       |WM P    LR|m^2/s^2         |Square of Vertical Comp of Velocity
    39 |UE_VEL_C| 30 |    40 |UMR     MR|m/s             |Eastward Velocity (m/s) (cell center)
    40 |VN_VEL_C| 30 |    39 |VMR     MR|m/s             |Northward Velocity (m/s) (cell center)
    41 |UV_VEL_C| 30 |    41 |UMR     MR|m^2/s^2         |Product of horizontal Comp of velocity (cell center)
    42 |UV_VEL_Z| 30 |    42 |UZR     MR|m^2/s^2         |Meridional Transport of Zonal Momentum (m^2/s^2)
    43 |WU_VEL  | 30 |       |WU      LR|m.m/s^2         |Vertical Transport of Zonal Momentum
    44 |WV_VEL  | 30 |       |WV      LR|m.m/s^2         |Vertical Transport of Meridional Momentum
    45 |UVELMASS| 30 |    46 |UUr     MR|m/s             |Zonal Mass-Weighted Comp of Velocity (m/s)
    46 |VVELMASS| 30 |    45 |VVr     MR|m/s             |Meridional Mass-Weighted Comp of Velocity (m/s)
    47 |WVELMASS| 30 |       |WM      LR|m/s             |Vertical Mass-Weighted Comp of Velocity
    48 |PhiVEL  | 30 |    45 |SMR P   MR|m^2/s           |Horizontal Velocity Potential (m^2/s)
    49 |PsiVEL  | 30 |    48 |SZ  P   MR|m.m^2/s         |Horizontal Velocity Stream-Function
    50 |UTHMASS | 30 |    51 |UUr     MR|degC.m/s        |Zonal Mass-Weight Transp of Pot Temp
    51 |VTHMASS | 30 |    50 |VVr     MR|degC.m/s        |Meridional Mass-Weight Transp of Pot Temp
    52 |WTHMASS | 30 |       |WM      LR|degC.m/s        |Vertical Mass-Weight Transp of Pot Temp (K.m/s)
    53 |USLTMASS| 30 |    54 |UUr     MR|psu.m/s         |Zonal Mass-Weight Transp of Salinity
    54 |VSLTMASS| 30 |    53 |VVr     MR|psu.m/s         |Meridional Mass-Weight Transp of Salinity
    55 |WSLTMASS| 30 |       |WM      LR|psu.m/s         |Vertical Mass-Weight Transp of Salinity
    56 |UVELTH  | 30 |    57 |UUR     MR|degC.m/s        |Zonal Transport of Pot Temp
    57 |VVELTH  | 30 |    56 |VVR     MR|degC.m/s        |Meridional Transport of Pot Temp
    58 |WVELTH  | 30 |       |WM      LR|degC.m/s        |Vertical Transport of Pot Temp
    59 |UVELSLT | 30 |    60 |UUR     MR|psu.m/s         |Zonal Transport of Salinity
    60 |VVELSLT | 30 |    59 |VVR     MR|psu.m/s         |Meridional Transport of Salinity
    61 |WVELSLT | 30 |       |WM      LR|psu.m/s         |Vertical Transport of Salinity
    62 |UVELPHI | 30 |    63 |UUr     MR|m^3/s^3         |Zonal Mass-Weight Transp of Pressure Pot.(p/rho) Anomaly
    63 |VVELPHI | 30 |    62 |VVr     MR|m^3/s^3         |Merid. Mass-Weight Transp of Pressure Pot.(p/rho) Anomaly
    64 |RHOAnoma| 30 |       |SMR     MR|kg/m^3          |Density Anomaly (=Rho-rhoConst)
    65 |RHOANOSQ| 30 |       |SMRP    MR|kg^2/m^6        |Square of Density Anomaly (=(Rho-rhoConst)^2)
    66 |URHOMASS| 30 |    67 |UUr     MR|kg/m^2/s        |Zonal Transport of Density
    67 |VRHOMASS| 30 |    66 |VVr     MR|kg/m^2/s        |Meridional Transport of Density
    68 |WRHOMASS| 30 |       |WM      LR|kg/m^2/s        |Vertical Transport of Density
    69 |WdRHO_P | 30 |       |WM      LR|kg/m^2/s        |Vertical velocity times delta^k(Rho)_at-const-P
    70 |WdRHOdP | 30 |       |WM      LR|kg/m^2/s        |Vertical velocity times delta^k(Rho)_at-const-T,S
    71 |PHIHYD  | 30 |       |SMR     MR|m^2/s^2         |Hydrostatic Pressure Pot.(p/rho) Anomaly
    72 |PHIHYDSQ| 30 |       |SMRP    MR|m^4/s^4         |Square of Hyd. Pressure Pot.(p/rho) Anomaly
    73 |PHIBOT  |  1 |       |SM      M1|m^2/s^2         |Bottom Pressure Pot.(p/rho) Anomaly
    74 |PHIBOTSQ|  1 |       |SM P    M1|m^4/s^4         |Square of Bottom Pressure Pot.(p/rho) Anomaly
    75 |PHI_SURF|  1 |       |SM      M1|m^2/s^2         |Surface Dynamical Pressure Pot.(p/rho)
    76 |PHIHYDcR| 30 |       |SMR     MR|m^2/s^2         |Hydrostatic Pressure Pot.(p/rho) Anomaly @ const r
    77 |MXLDEPTH|  1 |       |SM      M1|m               |Mixed-Layer Depth (>0)
    78 |DRHODR  | 30 |       |SM      LR|kg/m^4          |Stratification: d.Sigma/dr (kg/m3/r_unit)
    79 |CONVADJ | 30 |       |SMR     LR|fraction        |Convective Adjustment Index [0-1]
    80 |oceTAUX |  1 |    81 |UU      U1|N/m^2           |zonal surface wind stress, >0 increases uVel
    81 |oceTAUY |  1 |    80 |VV      U1|N/m^2           |meridional surf. wind stress, >0 increases vVel
    82 |atmPload|  1 |       |SM      U1|Pa              |Atmospheric pressure loading
    83 |sIceLoad|  1 |       |SM      U1|kg/m^2          |sea-ice loading (in Mass of ice+snow / area unit)
    84 |oceFWflx|  1 |       |SM      U1|kg/m^2/s        |net surface Fresh-Water flux into the ocean (+=down), >0 decreases salinity
    85 |oceSflux|  1 |       |SM      U1|g/m^2/s         |net surface Salt flux into the ocean (+=down), >0 increases salinity
    86 |oceQnet |  1 |       |SM      U1|W/m^2           |net surface heat flux into the ocean (+=down), >0 increases theta
    87 |oceQsw  |  1 |       |SM      U1|W/m^2           |net Short-Wave radiation (+=down), >0 increases theta
    88 |oceFreez|  1 |       |SM      U1|W/m^2           |heating from freezing of sea-water (allowFreezing=T)
    89 |TRELAX  |  1 |       |SM      U1|W/m^2           |surface temperature relaxation, >0 increases theta
    90 |SRELAX  |  1 |       |SM      U1|g/m^2/s         |surface salinity relaxation, >0 increases salt
    91 |surForcT|  1 |       |SM      U1|W/m^2           |model surface forcing for Temperature, >0 increases theta
    92 |surForcS|  1 |       |SM      U1|g/m^2/s         |model surface forcing for Salinity, >0 increases salinity
    93 |TFLUX   |  1 |       |SM      U1|W/m^2           |total heat flux (match heat-content variations), >0 increases theta
    94 |SFLUX   |  1 |       |SM      U1|g/m^2/s         |total salt flux (match salt-content variations), >0 increases salt
    95 |RCENTER | 30 |       |SM      MR|m               |Cell-Center Height
    96 |RSURF   |  1 |       |SM      M1|m               |Surface Height
    97 |TOTUTEND| 30 |    98 |UUR     MR|m/s/day         |Tendency of Zonal Component of Velocity
    98 |TOTVTEND| 30 |    97 |VVR     MR|m/s/day         |Tendency of Meridional Component of Velocity
    99 |TOTTTEND| 30 |       |SMR     MR|degC/day        |Tendency of Potential Temperature
------------------------------------------------------------------------------------
  Num  |<-Name->|Levs|  mate |<- code ->|<--  Units   -->|<- Tile (max=80c)         
------------------------------------------------------------------------------------
   100 |TOTSTEND| 30 |       |SMR     MR|psu/day         |Tendency of Salinity
   101 |MoistCor| 30 |       |SM      MR|W/m^2           |Heating correction due to moist thermodynamics
   102 |gT_Forc | 30 |       |SMR     MR|degC/s          |Potential Temp. forcing tendency
   103 |gS_Forc | 30 |       |SMR     MR|psu/s           |Salinity forcing tendency
   104 |AB_gT   | 30 |       |SMR     MR|degC/s          |Potential Temp. tendency from Adams-Bashforth
   105 |AB_gS   | 30 |       |SMR     MR|psu/s           |Salinity tendency from Adams-Bashforth
   106 |gTinAB  | 30 |       |SMR     MR|degC/s          |Potential Temp. tendency going in Adams-Bashforth
   107 |gSinAB  | 30 |       |SMR     MR|psu/s           |Salinity tendency going in Adams-Bashforth
   108 |AB_gU   | 30 |   109 |UUR     MR|m/s^2           |U momentum tendency from Adams-Bashforth
   109 |AB_gV   | 30 |   108 |VVR     MR|m/s^2           |V momentum tendency from Adams-Bashforth
   110 |ADVr_TH | 30 |       |WM      LR|degC.m^3/s      |Vertical   Advective Flux of Pot.Temperature
   111 |ADVx_TH | 30 |   112 |UU      MR|degC.m^3/s      |Zonal      Advective Flux of Pot.Temperature
   112 |ADVy_TH | 30 |   111 |VV      MR|degC.m^3/s      |Meridional Advective Flux of Pot.Temperature
   113 |DFrE_TH | 30 |       |WM      LR|degC.m^3/s      |Vertical Diffusive Flux of Pot.Temperature (Explicit part)
   114 |DFxE_TH | 30 |   115 |UU      MR|degC.m^3/s      |Zonal      Diffusive Flux of Pot.Temperature
   115 |DFyE_TH | 30 |   114 |VV      MR|degC.m^3/s      |Meridional Diffusive Flux of Pot.Temperature
   116 |DFrI_TH | 30 |       |WM      LR|degC.m^3/s      |Vertical Diffusive Flux of Pot.Temperature (Implicit part)
   117 |ADVr_SLT| 30 |       |WM      LR|psu.m^3/s       |Vertical   Advective Flux of Salinity
   118 |ADVx_SLT| 30 |   119 |UU      MR|psu.m^3/s       |Zonal      Advective Flux of Salinity
   119 |ADVy_SLT| 30 |   118 |VV      MR|psu.m^3/s       |Meridional Advective Flux of Salinity
   120 |DFrE_SLT| 30 |       |WM      LR|psu.m^3/s       |Vertical Diffusive Flux of Salinity    (Explicit part)
   121 |DFxE_SLT| 30 |   122 |UU      MR|psu.m^3/s       |Zonal      Diffusive Flux of Salinity
   122 |DFyE_SLT| 30 |   121 |VV      MR|psu.m^3/s       |Meridional Diffusive Flux of Salinity
   123 |DFrI_SLT| 30 |       |WM      LR|psu.m^3/s       |Vertical Diffusive Flux of Salinity    (Implicit part)
   124 |SALTFILL| 30 |       |SM      MR|psu.m^3/s       |Filling of Negative Values of Salinity
   125 |VISCAHZ | 30 |       |SZ      MR|m^2/s           |Harmonic Visc Coefficient (m2/s) (Zeta Pt)
   126 |VISCA4Z | 30 |       |SZ      MR|m^4/s           |Biharmonic Visc Coefficient (m4/s) (Zeta Pt)
   127 |VISCAHD | 30 |       |SM      MR|m^2/s           |Harmonic Viscosity Coefficient (m2/s) (Div Pt)
   128 |VISCA4D | 30 |       |SM      MR|m^4/s           |Biharmonic Viscosity Coefficient (m4/s) (Div Pt)
   129 |VISCAHW | 30 |       |WM      LR|m^2/s           |Harmonic Viscosity Coefficient (m2/s) (W Pt)
   130 |VISCA4W | 30 |       |WM      LR|m^4/s           |Biharmonic Viscosity Coefficient (m4/s) (W Pt)
   131 |VAHZMAX | 30 |       |SZ      MR|m^2/s           |CFL-MAX Harm Visc Coefficient (m2/s) (Zeta Pt)
   132 |VA4ZMAX | 30 |       |SZ      MR|m^4/s           |CFL-MAX Biharm Visc Coefficient (m4/s) (Zeta Pt)
   133 |VAHDMAX | 30 |       |SM      MR|m^2/s           |CFL-MAX Harm Visc Coefficient (m2/s) (Div Pt)
   134 |VA4DMAX | 30 |       |SM      MR|m^4/s           |CFL-MAX Biharm Visc Coefficient (m4/s) (Div Pt)
   135 |VAHZMIN | 30 |       |SZ      MR|m^2/s           |RE-MIN Harm Visc Coefficient (m2/s) (Zeta Pt)
   136 |VA4ZMIN | 30 |       |SZ      MR|m^4/s           |RE-MIN Biharm Visc Coefficient (m4/s) (Zeta Pt)
   137 |VAHDMIN | 30 |       |SM      MR|m^2/s           |RE-MIN Harm Visc Coefficient (m2/s) (Div Pt)
   138 |VA4DMIN | 30 |       |SM      MR|m^4/s           |RE-MIN Biharm Visc Coefficient (m4/s) (Div Pt)
   139 |VAHZLTH | 30 |       |SZ      MR|m^2/s           |Leith Harm Visc Coefficient (m2/s) (Zeta Pt)
   140 |VA4ZLTH | 30 |       |SZ      MR|m^4/s           |Leith Biharm Visc Coefficient (m4/s) (Zeta Pt)
   141 |VAHDLTH | 30 |       |SM      MR|m^2/s           |Leith Harm Visc Coefficient (m2/s) (Div Pt)
   142 |VA4DLTH | 30 |       |SM      MR|m^4/s           |Leith Biharm Visc Coefficient (m4/s) (Div Pt)
   143 |VAHZLTHD| 30 |       |SZ      MR|m^2/s           |LeithD Harm Visc Coefficient (m2/s) (Zeta Pt)
   144 |VA4ZLTHD| 30 |       |SZ      MR|m^4/s           |LeithD Biharm Visc Coefficient (m4/s) (Zeta Pt)
   145 |VAHDLTHD| 30 |       |SM      MR|m^2/s           |LeithD Harm Visc Coefficient (m2/s) (Div Pt)
   146 |VA4DLTHD| 30 |       |SM      MR|m^4/s           |LeithD Biharm Visc Coefficient (m4/s) (Div Pt)
   147 |VAHZSMAG| 30 |       |SZ      MR|m^2/s           |Smagorinsky Harm Visc Coefficient (m2/s) (Zeta Pt)
   148 |VA4ZSMAG| 30 |       |SZ      MR|m^4/s           |Smagorinsky Biharm Visc Coeff. (m4/s) (Zeta Pt)
   149 |VAHDSMAG| 30 |       |SM      MR|m^2/s           |Smagorinsky Harm Visc Coefficient (m2/s) (Div Pt)
   150 |VA4DSMAG| 30 |       |SM      MR|m^4/s           |Smagorinsky Biharm Visc Coeff. (m4/s) (Div Pt)
   151 |momKE   | 30 |       |SMR     MR|m^2/s^2         |Kinetic Energy (in momentum Eq.)
   152 |momHDiv | 30 |       |SMR     MR|s^-1            |Horizontal Divergence (in momentum Eq.)
   153 |momVort3| 30 |       |SZR     MR|s^-1            |3rd component (vertical) of Vorticity
   154 |Strain  | 30 |       |SZR     MR|s^-1            |Horizontal Strain of Horizontal Velocities
   155 |Tension | 30 |       |SMR     MR|s^-1            |Horizontal Tension of Horizontal Velocities
   156 |UBotDrag| 30 |   157 |UUR     MR|m/s^2           |U momentum tendency from Bottom Drag
   157 |VBotDrag| 30 |   156 |VVR     MR|m/s^2           |V momentum tendency from Bottom Drag
   158 |USidDrag| 30 |   159 |UUR     MR|m/s^2           |U momentum tendency from Side Drag
   159 |VSidDrag| 30 |   158 |VVR     MR|m/s^2           |V momentum tendency from Side Drag
   160 |Um_Diss | 30 |   161 |UUR     MR|m/s^2           |U momentum tendency from Dissipation
   161 |Vm_Diss | 30 |   160 |VVR     MR|m/s^2           |V momentum tendency from Dissipation
   162 |Um_Advec| 30 |   163 |UUR     MR|m/s^2           |U momentum tendency from Advection terms
   163 |Vm_Advec| 30 |   162 |VVR     MR|m/s^2           |V momentum tendency from Advection terms
   164 |Um_Cori | 30 |   165 |UUR     MR|m/s^2           |U momentum tendency from Coriolis term
   165 |Vm_Cori | 30 |   164 |VVR     MR|m/s^2           |V momentum tendency from Coriolis term
   166 |Um_dPHdx| 30 |   167 |UUR     MR|m/s^2           |U momentum tendency from Hydrostatic Pressure grad
   167 |Vm_dPHdy| 30 |   166 |VVR     MR|m/s^2           |V momentum tendency from Hydrostatic Pressure grad
   168 |Um_Ext  | 30 |   169 |UUR     MR|m/s^2           |U momentum tendency from external forcing
   169 |Vm_Ext  | 30 |   168 |VVR     MR|m/s^2           |V momentum tendency from external forcing
   170 |Um_AdvZ3| 30 |   171 |UUR     MR|m/s^2           |U momentum tendency from Vorticity Advection
   171 |Vm_AdvZ3| 30 |   170 |VVR     MR|m/s^2           |V momentum tendency from Vorticity Advection
   172 |Um_AdvRe| 30 |   173 |UUR     MR|m/s^2           |U momentum tendency from vertical Advection (Explicit part)
   173 |Vm_AdvRe| 30 |   172 |VVR     MR|m/s^2           |V momentum tendency from vertical Advection (Explicit part)
   174 |ADVx_Um | 30 |   175 |UM      MR|m^4/s^2         |Zonal      Advective Flux of U momentum
   175 |ADVy_Um | 30 |   174 |VZ      MR|m^4/s^2         |Meridional Advective Flux of U momentum
   176 |ADVrE_Um| 30 |       |WU      LR|m^4/s^2         |Vertical   Advective Flux of U momentum (Explicit part)
   177 |ADVx_Vm | 30 |   178 |UZ      MR|m^4/s^2         |Zonal      Advective Flux of V momentum
   178 |ADVy_Vm | 30 |   177 |VM      MR|m^4/s^2         |Meridional Advective Flux of V momentum
   179 |ADVrE_Vm| 30 |       |WV      LR|m^4/s^2         |Vertical   Advective Flux of V momentum (Explicit part)
   180 |VISCx_Um| 30 |   181 |UM      MR|m^4/s^2         |Zonal      Viscous Flux of U momentum
   181 |VISCy_Um| 30 |   180 |VZ      MR|m^4/s^2         |Meridional Viscous Flux of U momentum
   182 |VISrE_Um| 30 |       |WU      LR|m^4/s^2         |Vertical   Viscous Flux of U momentum (Explicit part)
   183 |VISrI_Um| 30 |       |WU      LR|m^4/s^2         |Vertical   Viscous Flux of U momentum (Implicit part)
   184 |VISCx_Vm| 30 |   185 |UZ      MR|m^4/s^2         |Zonal      Viscous Flux of V momentum
   185 |VISCy_Vm| 30 |   184 |VM      MR|m^4/s^2         |Meridional Viscous Flux of V momentum
   186 |VISrE_Vm| 30 |       |WV      LR|m^4/s^2         |Vertical   Viscous Flux of V momentum (Explicit part)
   187 |VISrI_Vm| 30 |       |WV      LR|m^4/s^2         |Vertical   Viscous Flux of V momentum (Implicit part)
   188 |KPPviscA| 30 |       |SM P    LR|m^2/s           |KPP vertical eddy viscosity coefficient
   189 |KPPdiffS| 30 |       |SM P    LR|m^2/s           |Vertical diffusion coefficient for salt & tracers
   190 |KPPdiffT| 30 |       |SM P    LR|m^2/s           |Vertical diffusion coefficient for heat
   191 |KPPghatK| 30 |       |SM P    LR|0-1             |ratio of KPP non-local (salt) flux relative to surface-flux
   192 |KPPhbl  |  1 |       |SM P     1|m               |KPP boundary layer depth, bulk Ri criterion
   193 |KPPfrac |  1 |       |SM P     1|                |Short-wave flux fraction penetrating mixing layer
   194 |KPPdbsfc| 30 |       |SM P    UR|m/s^2           |Buoyancy difference with respect to surface
   195 |KPPbfsfc| 30 |       |SM P    UR|m^2/s^3         |Bo+radiation absorbed to d=hbf*hbl + plume
   196 |KPPRi   | 30 |       |SM P    UR|non-dimensional |Bulk Richardson number
   197 |KPPbo   |  1 |       |SM P     1|m^2/s^3         |Surface turbulent buoyancy forcing
   198 |KPPbosol|  1 |       |SM P     1|m^2/s^3         |surface radiative buoyancy forcing
   199 |KPPdbloc| 30 |       |SM P    UR|m/s^2           |Local delta buoyancy across interfaces
------------------------------------------------------------------------------------
  Num  |<-Name->|Levs|  mate |<- code ->|<--  Units   -->|<- Tile (max=80c)         
------------------------------------------------------------------------------------
   200 |KPPnuddt| 30 |       |SM P    UR|m^2/s           |Vertical double diffusion coefficient for heat
   201 |KPPnudds| 30 |       |SM P    UR|m^2/s           |Vertical double diffusion coefficient for salt
   202 |KPPg_TH | 30 |       |WM      LR|degC.m^3/s      |KPP non-local Flux of Pot.Temperature
   203 |KPPg_SLT| 30 |       |WM      LR|psu.m^3/s       |KPP non-local Flux of Salinity
   204 |GM_VisbK|  1 |       |SM P    M1|m^2/s           |Mixing coefficient from Visbeck etal parameterization
   205 |GM_hTrsL|  1 |       |SM P    M1|m               |Base depth (>0) of the Transition Layer
   206 |GM_baseS|  1 |       |SM P    M1|1               |Slope at the base of the Transition Layer
   207 |GM_rLamb|  1 |       |SM P    M1|1/m             |Slope vertical gradient at Trans. Layer Base (=recip.Lambda)
   208 |SubMesLf|  1 |       |SM P    M1|m               |Sub-Meso horiz. Length Scale (Lf)
   209 |SubMpsiX|  1 |   210 |UU      M1|m^2/s           |Sub-Meso transp.stream-funct. magnitude (Psi0): U component
   210 |SubMpsiY|  1 |   209 |VV      M1|m^2/s           |Sub-Meso transp.stream-funct. magnitude (Psi0): V component
   211 |GM_Kux  | 30 |   212 |UU P    MR|m^2/s           |K_11 element (U.point, X.dir) of GM-Redi tensor
   212 |GM_Kvy  | 30 |   211 |VV P    MR|m^2/s           |K_22 element (V.point, Y.dir) of GM-Redi tensor
   213 |GM_Kuz  | 30 |   214 |UU      MR|m^2/s           |K_13 element (U.point, Z.dir) of GM-Redi tensor
   214 |GM_Kvz  | 30 |   213 |VV      MR|m^2/s           |K_23 element (V.point, Z.dir) of GM-Redi tensor
   215 |GM_Kwx  | 30 |   216 |UM      LR|m^2/s           |K_31 element (W.point, X.dir) of GM-Redi tensor
   216 |GM_Kwy  | 30 |   215 |VM      LR|m^2/s           |K_32 element (W.point, Y.dir) of GM-Redi tensor
   217 |GM_Kwz  | 30 |       |WM P    LR|m^2/s           |K_33 element (W.point, Z.dir) of GM-Redi tensor
   218 |GM_PsiX | 30 |   219 |UU      LR|m^2/s           |GM Bolus transport stream-function : U component
   219 |GM_PsiY | 30 |   218 |VV      LR|m^2/s           |GM Bolus transport stream-function : V component
   220 |GM_KuzTz| 30 |   221 |UU      MR|degC.m^3/s      |Redi Off-diagonal Temperature flux: X component
   221 |GM_KvzTz| 30 |   220 |VV      MR|degC.m^3/s      |Redi Off-diagonal Temperature flux: Y component
   222 |GM_KwzTz| 30 |       |WM      LR|degC.m^3/s      |Redi main-diagonal vertical Temperature flux
   223 |GM_ubT  | 30 |   224 |UUr     MR|degC.m^3/s      |Zonal Mass-Weight Bolus Transp of Pot Temp
   224 |GM_vbT  | 30 |   223 |VVr     MR|degC.m^3/s      |Meridional Mass-Weight Bolus Transp of Pot Temp
   225 |GM_BVPcW|  1 |   226 |SU P    M1|m/s             |WKB wave speed (at Western edge location)
   226 |GM_BVPcS|  1 |   225 |SV P    M1|m/s             |WKB wave speed (at Southern edge location)
   227 |LaUH1TH |150 |   228 |UU      MX|m.m/s           |Layer Integrated  zonal Transport (UH, m^2/s)
   228 |LaVH1TH |150 |   227 |VV      MX|m.m/s           |Layer Integrated merid. Transport (VH, m^2/s)
   229 |LaTr2RHO| 30 |       |SMR     MR|kg/m^3          |Pot. density (minus 1000) for layer averaging, ref_z= -1918.00,  25
   230 |LaUH2RHO|150 |   231 |UU      MX|m.m/s           |Layer Integrated  zonal Transport (UH, m^2/s)
   231 |LaVH2RHO|150 |   230 |VV      MX|m.m/s           |Layer Integrated merid. Transport (VH, m^2/s)
   232 |CPL_SLPr|  1 |       |SM      M1|Pa              |Atmos Sea-Level pressure anomaly (recv fr Coupler)
   233 |CPL_Qnet|  1 |       |SM      M1|W/m^2           |Net surface heat flux (+=up) (recv from Coupler)
   234 |CPL_Qsw |  1 |       |SM      M1|W/m^2           |Net shortwave heat flux (+=up)(recv from Coupler)
   235 |CPL_tauX|  1 |   236 |UM      M1|N/m^2           |Zonal  surface wind-stress (recv from Coupler)
   236 |CPL_tauY|  1 |   235 |UM      M1|N/m^2           |Merid. surface wind-stress (recv from Coupler)
   237 |CPL_FWat|  1 |       |SM      M1|kg/m^2/s        |Surface fresh-water flux (+=up)(recv from Coupler)
   238 |CPL_sFlx|  1 |       |SM      M1|g/m^2/s         |Salt flux from seaice comp (+=up)(recv fr Coupler)
   239 |CPL_iceM|  1 |       |SM      M1|kg/m^2          |Seaice mass       (recv from Coupler)
------------------------------------------------------------------------------------
  Num  |<-Name->|Levs|  mate |<- code ->|<--  Units   -->|<- Tile (max=80c)         
------------------------------------------------------------------------------------
